2021-04-22 10:52:44,966 DEBUG [Forwarding newSession on session null to remote] RequestAddCookies:123 - CookieSpec selected: default
2021-04-22 10:52:44,977 DEBUG [Forwarding newSession on session null to remote] RequestAuthCache:77 - Auth cache not set in the context
2021-04-22 10:52:44,979 DEBUG [Forwarding newSession on session null to remote] PoolingHttpClientConnectionManager:255 - Connection request: [route: {}->http://localhost:34164][total kept alive: 0; route allocated: 0 of 2000; total allocated: 0 of 2000]
2021-04-22 10:52:44,991 DEBUG [Forwarding newSession on session null to remote] PoolingHttpClientConnectionManager:288 - Connection leased: [id: 0][route: {}->http://localhost:34164][total kept alive: 0; route allocated: 1 of 2000; total allocated: 1 of 2000]
2021-04-22 10:52:44,992 DEBUG [Forwarding newSession on session null to remote] MainClientExec:235 - Opening connection {}->http://localhost:34164
2021-04-22 10:52:44,994 DEBUG [Forwarding newSession on session null to remote] DefaultHttpClientConnectionOperator:139 - Connecting to localhost/127.0.0.1:34164
2021-04-22 10:52:44,995 DEBUG [Forwarding newSession on session null to remote] DefaultHttpClientConnectionOperator:146 - Connection established 127.0.0.1:49956<->127.0.0.1:34164
2021-04-22 10:52:44,995 DEBUG [Forwarding newSession on session null to remote] DefaultManagedHttpClientConnection:88 - http-outgoing-0: set socket timeout to 10800000
2021-04-22 10:52:44,995 DEBUG [Forwarding newSession on session null to remote] MainClientExec:256 - Executing request POST /session HTTP/1.1
2021-04-22 10:52:44,995 DEBUG [Forwarding newSession on session null to remote] MainClientExec:261 - Target auth state: UNCHALLENGED
2021-04-22 10:52:44,996 DEBUG [Forwarding newSession on session null to remote] MainClientExec:267 - Proxy auth state: UNCHALLENGED
2021-04-22 10:52:44,997 DEBUG [Forwarding newSession on session null to remote] headers:133 - http-outgoing-0 >> POST /session HTTP/1.1
2021-04-22 10:52:44,998 DEBUG [Forwarding newSession on session null to remote] headers:136 - http-outgoing-0 >> Content-Type: application/json; charset=utf-8
2021-04-22 10:52:44,998 DEBUG [Forwarding newSession on session null to remote] headers:136 - http-outgoing-0 >> Content-Length: 666
2021-04-22 10:52:44,998 DEBUG [Forwarding newSession on session null to remote] headers:136 - http-outgoing-0 >> Host: localhost:34164
2021-04-22 10:52:44,998 DEBUG [Forwarding newSession on session null to remote] headers:136 - http-outgoing-0 >> Connection: Keep-Alive
2021-04-22 10:52:44,999 DEBUG [Forwarding newSession on session null to remote] headers:136 - http-outgoing-0 >> User-Agent: Apache-HttpClient/4.5.3 (Java/13.0.1)
2021-04-22 10:52:44,999 DEBUG [Forwarding newSession on session null to remote] headers:136 - http-outgoing-0 >> Accept-Encoding: gzip,deflate
2021-04-22 10:52:45,000 DEBUG [Forwarding newSession on session null to remote] wire:73 - http-outgoing-0 >> "POST /session HTTP/1.1[\r][\n]"
2021-04-22 10:52:45,000 DEBUG [Forwarding newSession on session null to remote] wire:73 - http-outgoing-0 >> "Content-Type: application/json; charset=utf-8[\r][\n]"
2021-04-22 10:52:45,000 DEBUG [Forwarding newSession on session null to remote] wire:73 - http-outgoing-0 >> "Content-Length: 666[\r][\n]"
2021-04-22 10:52:45,001 DEBUG [Forwarding newSession on session null to remote] wire:73 - http-outgoing-0 >> "Host: localhost:34164[\r][\n]"
2021-04-22 10:52:45,001 DEBUG [Forwarding newSession on session null to remote] wire:73 - http-outgoing-0 >> "Connection: Keep-Alive[\r][\n]"
2021-04-22 10:52:45,001 DEBUG [Forwarding newSession on session null to remote] wire:73 - http-outgoing-0 >> "User-Agent: Apache-HttpClient/4.5.3 (Java/13.0.1)[\r][\n]"
2021-04-22 10:52:45,001 DEBUG [Forwarding newSession on session null to remote] wire:73 - http-outgoing-0 >> "Accept-Encoding: gzip,deflate[\r][\n]"
2021-04-22 10:52:45,001 DEBUG [Forwarding newSession on session null to remote] wire:73 - http-outgoing-0 >> "[\r][\n]"
2021-04-22 10:52:45,002 DEBUG [Forwarding newSession on session null to remote] wire:73 - http-outgoing-0 >> "{[\n]"
2021-04-22 10:52:45,002 DEBUG [Forwarding newSession on session null to remote] wire:73 - http-outgoing-0 >> "  "desiredCapabilities": {[\n]"
2021-04-22 10:52:45,002 DEBUG [Forwarding newSession on session null to remote] wire:73 - http-outgoing-0 >> "    "browserName": "chrome",[\n]"
2021-04-22 10:52:45,002 DEBUG [Forwarding newSession on session null to remote] wire:73 - http-outgoing-0 >> "    "chromeOptions": {[\n]"
2021-04-22 10:52:45,002 DEBUG [Forwarding newSession on session null to remote] wire:73 - http-outgoing-0 >> "      "args": [[\n]"
2021-04-22 10:52:45,003 DEBUG [Forwarding newSession on session null to remote] wire:73 - http-outgoing-0 >> "        "start-Maximized",[\n]"
2021-04-22 10:52:45,003 DEBUG [Forwarding newSession on session null to remote] wire:73 - http-outgoing-0 >> "        "--headless"[\n]"
2021-04-22 10:52:45,003 DEBUG [Forwarding newSession on session null to remote] wire:73 - http-outgoing-0 >> "      ],[\n]"
2021-04-22 10:52:45,003 DEBUG [Forwarding newSession on session null to remote] wire:73 - http-outgoing-0 >> "      "extensions": [][\n]"
2021-04-22 10:52:45,003 DEBUG [Forwarding newSession on session null to remote] wire:73 - http-outgoing-0 >> "    },[\n]"
2021-04-22 10:52:45,004 DEBUG [Forwarding newSession on session null to remote] wire:73 - http-outgoing-0 >> "    "version": "",[\n]"
2021-04-22 10:52:45,004 DEBUG [Forwarding newSession on session null to remote] wire:73 - http-outgoing-0 >> "    "platform": "ANY"[\n]"
2021-04-22 10:52:45,004 DEBUG [Forwarding newSession on session null to remote] wire:73 - http-outgoing-0 >> "  },[\n]"
2021-04-22 10:52:45,004 DEBUG [Forwarding newSession on session null to remote] wire:73 - http-outgoing-0 >> "  "requiredCapabilities": {},[\n]"
2021-04-22 10:52:45,005 DEBUG [Forwarding newSession on session null to remote] wire:73 - http-outgoing-0 >> "  "capabilities": {[\n]"
2021-04-22 10:52:45,005 DEBUG [Forwarding newSession on session null to remote] wire:73 - http-outgoing-0 >> "    "desiredCapabilities": {[\n]"
2021-04-22 10:52:45,005 DEBUG [Forwarding newSession on session null to remote] wire:73 - http-outgoing-0 >> "      "browserName": "chrome",[\n]"
2021-04-22 10:52:45,006 DEBUG [Forwarding newSession on session null to remote] wire:73 - http-outgoing-0 >> "      "chromeOptions": {[\n]"
2021-04-22 10:52:45,006 DEBUG [Forwarding newSession on session null to remote] wire:73 - http-outgoing-0 >> "        "args": [[\n]"
2021-04-22 10:52:45,006 DEBUG [Forwarding newSession on session null to remote] wire:73 - http-outgoing-0 >> "          "start-Maximized",[\n]"
2021-04-22 10:52:45,006 DEBUG [Forwarding newSession on session null to remote] wire:73 - http-outgoing-0 >> "          "--headless"[\n]"
2021-04-22 10:52:45,006 DEBUG [Forwarding newSession on session null to remote] wire:73 - http-outgoing-0 >> "        ],[\n]"
2021-04-22 10:52:45,007 DEBUG [Forwarding newSession on session null to remote] wire:73 - http-outgoing-0 >> "        "extensions": [][\n]"
2021-04-22 10:52:45,007 DEBUG [Forwarding newSession on session null to remote] wire:73 - http-outgoing-0 >> "      },[\n]"
2021-04-22 10:52:45,007 DEBUG [Forwarding newSession on session null to remote] wire:73 - http-outgoing-0 >> "      "version": "",[\n]"
2021-04-22 10:52:45,007 DEBUG [Forwarding newSession on session null to remote] wire:73 - http-outgoing-0 >> "      "platform": "ANY"[\n]"
2021-04-22 10:52:45,007 DEBUG [Forwarding newSession on session null to remote] wire:73 - http-outgoing-0 >> "    },[\n]"
2021-04-22 10:52:45,008 DEBUG [Forwarding newSession on session null to remote] wire:73 - http-outgoing-0 >> "    "requiredCapabilities": {},[\n]"
2021-04-22 10:52:45,008 DEBUG [Forwarding newSession on session null to remote] wire:73 - http-outgoing-0 >> "    "alwaysMatch": {},[\n]"
2021-04-22 10:52:45,008 DEBUG [Forwarding newSession on session null to remote] wire:73 - http-outgoing-0 >> "    "firstMatch": [[\n]"
2021-04-22 10:52:45,008 DEBUG [Forwarding newSession on session null to remote] wire:73 - http-outgoing-0 >> "      {[\n]"
2021-04-22 10:52:45,008 DEBUG [Forwarding newSession on session null to remote] wire:73 - http-outgoing-0 >> "        "browserName": "chrome"[\n]"
2021-04-22 10:52:45,009 DEBUG [Forwarding newSession on session null to remote] wire:73 - http-outgoing-0 >> "      }[\n]"
2021-04-22 10:52:45,009 DEBUG [Forwarding newSession on session null to remote] wire:73 - http-outgoing-0 >> "    ][\n]"
2021-04-22 10:52:45,009 DEBUG [Forwarding newSession on session null to remote] wire:73 - http-outgoing-0 >> "  }[\n]"
2021-04-22 10:52:45,010 DEBUG [Forwarding newSession on session null to remote] wire:87 - http-outgoing-0 >> "}"
2021-04-22 10:52:47,315 DEBUG [Forwarding newSession on session null to remote] wire:73 - http-outgoing-0 << "HTTP/1.1 200 OK[\r][\n]"
2021-04-22 10:52:47,316 DEBUG [Forwarding newSession on session null to remote] wire:73 - http-outgoing-0 << "Content-Length:752[\r][\n]"
2021-04-22 10:52:47,316 DEBUG [Forwarding newSession on session null to remote] wire:73 - http-outgoing-0 << "Content-Type:application/json; charset=utf-8[\r][\n]"
2021-04-22 10:52:47,316 DEBUG [Forwarding newSession on session null to remote] wire:73 - http-outgoing-0 << "cache-control:no-cache[\r][\n]"
2021-04-22 10:52:47,316 DEBUG [Forwarding newSession on session null to remote] wire:73 - http-outgoing-0 << "[\r][\n]"
2021-04-22 10:52:47,317 DEBUG [Forwarding newSession on session null to remote] wire:87 - http-outgoing-0 << "{"value":{"capabilities":{"acceptInsecureCerts":false,"browserName":"chrome","browserVersion":"90.0.4430.72","chrome":{"chromedriverVersion":"90.0.4430.24 (4c6d850f087da467d926e8eddb76550aed655991-refs/branch-heads/4430@{#429})","userDataDir":"C:\\Users\\user\\AppData\\Local\\Temp\\scoped_dir23380_2085949660"},"goog:chromeOptions":{"debuggerAddress":"localhost:49957"},"networkConnectionEnabled":false,"pageLoadStrategy":"normal","platformName":"windows","proxy":{},"setWindowRect":true,"strictFileInteractability":false,"timeouts":{"implicit":0,"pageLoad":300000,"script":30000},"unhandledPromptBehavior":"dismiss and notify","webauthn:extension:largeBlob":true,"webauthn:virtualAuthenticators":true},"sessionId":"6c63f443a10f1d57a0cf845325fe6b12"}}"
2021-04-22 10:52:47,319 DEBUG [Forwarding newSession on session null to remote] headers:122 - http-outgoing-0 << HTTP/1.1 200 OK
2021-04-22 10:52:47,319 DEBUG [Forwarding newSession on session null to remote] headers:125 - http-outgoing-0 << Content-Length:752
2021-04-22 10:52:47,320 DEBUG [Forwarding newSession on session null to remote] headers:125 - http-outgoing-0 << Content-Type:application/json; charset=utf-8
2021-04-22 10:52:47,320 DEBUG [Forwarding newSession on session null to remote] headers:125 - http-outgoing-0 << cache-control:no-cache
2021-04-22 10:52:47,323 DEBUG [Forwarding newSession on session null to remote] MainClientExec:285 - Connection can be kept alive indefinitely
2021-04-22 10:52:47,328 DEBUG [Forwarding newSession on session null to remote] PoolingHttpClientConnectionManager:320 - Connection [id: 0][route: {}->http://localhost:34164] can be kept alive indefinitely
2021-04-22 10:52:47,328 DEBUG [Forwarding newSession on session null to remote] PoolingHttpClientConnectionManager:326 - Connection released: [id: 0][route: {}->http://localhost:34164][total kept alive: 1; route allocated: 1 of 2000; total allocated: 1 of 2000]
2021-04-22 10:52:47,402 DEBUG [Forwarding get on session 6c63f443a10f1d57a0cf845325fe6b12 to remote] RequestAddCookies:123 - CookieSpec selected: default
2021-04-22 10:52:47,403 DEBUG [Forwarding get on session 6c63f443a10f1d57a0cf845325fe6b12 to remote] RequestAuthCache:77 - Auth cache not set in the context
2021-04-22 10:52:47,403 DEBUG [Forwarding get on session 6c63f443a10f1d57a0cf845325fe6b12 to remote] PoolingHttpClientConnectionManager:255 - Connection request: [route: {}->http://localhost:34164][total kept alive: 1; route allocated: 1 of 2000; total allocated: 1 of 2000]
2021-04-22 10:52:47,403 DEBUG [Forwarding get on session 6c63f443a10f1d57a0cf845325fe6b12 to remote] PoolingHttpClientConnectionManager:288 - Connection leased: [id: 0][route: {}->http://localhost:34164][total kept alive: 0; route allocated: 1 of 2000; total allocated: 1 of 2000]
2021-04-22 10:52:47,404 DEBUG [Forwarding get on session 6c63f443a10f1d57a0cf845325fe6b12 to remote] MainClientExec:208 - Stale connection check
2021-04-22 10:52:47,411 DEBUG [Forwarding get on session 6c63f443a10f1d57a0cf845325fe6b12 to remote] wire:87 - http-outgoing-0 << "[read] I/O error: Read timed out"
2021-04-22 10:52:47,411 DEBUG [Forwarding get on session 6c63f443a10f1d57a0cf845325fe6b12 to remote] DefaultManagedHttpClientConnection:88 - http-outgoing-0: set socket timeout to 10800000
2021-04-22 10:52:47,413 DEBUG [Forwarding get on session 6c63f443a10f1d57a0cf845325fe6b12 to remote] MainClientExec:256 - Executing request POST /session/6c63f443a10f1d57a0cf845325fe6b12/url HTTP/1.1
2021-04-22 10:52:47,413 DEBUG [Forwarding get on session 6c63f443a10f1d57a0cf845325fe6b12 to remote] MainClientExec:261 - Target auth state: UNCHALLENGED
2021-04-22 10:52:47,414 DEBUG [Forwarding get on session 6c63f443a10f1d57a0cf845325fe6b12 to remote] MainClientExec:267 - Proxy auth state: UNCHALLENGED
2021-04-22 10:52:47,414 DEBUG [Forwarding get on session 6c63f443a10f1d57a0cf845325fe6b12 to remote] headers:133 - http-outgoing-0 >> POST /session/6c63f443a10f1d57a0cf845325fe6b12/url HTTP/1.1
2021-04-22 10:52:47,414 DEBUG [Forwarding get on session 6c63f443a10f1d57a0cf845325fe6b12 to remote] headers:136 - http-outgoing-0 >> Content-Type: application/json; charset=utf-8
2021-04-22 10:52:47,415 DEBUG [Forwarding get on session 6c63f443a10f1d57a0cf845325fe6b12 to remote] headers:136 - http-outgoing-0 >> Content-Length: 33
2021-04-22 10:52:47,415 DEBUG [Forwarding get on session 6c63f443a10f1d57a0cf845325fe6b12 to remote] headers:136 - http-outgoing-0 >> Host: localhost:34164
2021-04-22 10:52:47,415 DEBUG [Forwarding get on session 6c63f443a10f1d57a0cf845325fe6b12 to remote] headers:136 - http-outgoing-0 >> Connection: Keep-Alive
2021-04-22 10:52:47,415 DEBUG [Forwarding get on session 6c63f443a10f1d57a0cf845325fe6b12 to remote] headers:136 - http-outgoing-0 >> User-Agent: Apache-HttpClient/4.5.3 (Java/13.0.1)
2021-04-22 10:52:47,415 DEBUG [Forwarding get on session 6c63f443a10f1d57a0cf845325fe6b12 to remote] headers:136 - http-outgoing-0 >> Accept-Encoding: gzip,deflate
2021-04-22 10:52:47,416 DEBUG [Forwarding get on session 6c63f443a10f1d57a0cf845325fe6b12 to remote] wire:73 - http-outgoing-0 >> "POST /session/6c63f443a10f1d57a0cf845325fe6b12/url HTTP/1.1[\r][\n]"
2021-04-22 10:52:47,416 DEBUG [Forwarding get on session 6c63f443a10f1d57a0cf845325fe6b12 to remote] wire:73 - http-outgoing-0 >> "Content-Type: application/json; charset=utf-8[\r][\n]"
2021-04-22 10:52:47,416 DEBUG [Forwarding get on session 6c63f443a10f1d57a0cf845325fe6b12 to remote] wire:73 - http-outgoing-0 >> "Content-Length: 33[\r][\n]"
2021-04-22 10:52:47,416 DEBUG [Forwarding get on session 6c63f443a10f1d57a0cf845325fe6b12 to remote] wire:73 - http-outgoing-0 >> "Host: localhost:34164[\r][\n]"
2021-04-22 10:52:47,416 DEBUG [Forwarding get on session 6c63f443a10f1d57a0cf845325fe6b12 to remote] wire:73 - http-outgoing-0 >> "Connection: Keep-Alive[\r][\n]"
2021-04-22 10:52:47,417 DEBUG [Forwarding get on session 6c63f443a10f1d57a0cf845325fe6b12 to remote] wire:73 - http-outgoing-0 >> "User-Agent: Apache-HttpClient/4.5.3 (Java/13.0.1)[\r][\n]"
2021-04-22 10:52:47,417 DEBUG [Forwarding get on session 6c63f443a10f1d57a0cf845325fe6b12 to remote] wire:73 - http-outgoing-0 >> "Accept-Encoding: gzip,deflate[\r][\n]"
2021-04-22 10:52:47,417 DEBUG [Forwarding get on session 6c63f443a10f1d57a0cf845325fe6b12 to remote] wire:73 - http-outgoing-0 >> "[\r][\n]"
2021-04-22 10:52:47,417 DEBUG [Forwarding get on session 6c63f443a10f1d57a0cf845325fe6b12 to remote] wire:87 - http-outgoing-0 >> "{"url":"https://www.google.com/"}"
2021-04-22 10:52:48,123 DEBUG [Forwarding get on session 6c63f443a10f1d57a0cf845325fe6b12 to remote] wire:73 - http-outgoing-0 << "HTTP/1.1 200 OK[\r][\n]"
2021-04-22 10:52:48,124 DEBUG [Forwarding get on session 6c63f443a10f1d57a0cf845325fe6b12 to remote] wire:73 - http-outgoing-0 << "Content-Length:14[\r][\n]"
2021-04-22 10:52:48,124 DEBUG [Forwarding get on session 6c63f443a10f1d57a0cf845325fe6b12 to remote] wire:73 - http-outgoing-0 << "Content-Type:application/json; charset=utf-8[\r][\n]"
2021-04-22 10:52:48,125 DEBUG [Forwarding get on session 6c63f443a10f1d57a0cf845325fe6b12 to remote] wire:73 - http-outgoing-0 << "cache-control:no-cache[\r][\n]"
2021-04-22 10:52:48,125 DEBUG [Forwarding get on session 6c63f443a10f1d57a0cf845325fe6b12 to remote] wire:73 - http-outgoing-0 << "[\r][\n]"
2021-04-22 10:52:48,125 DEBUG [Forwarding get on session 6c63f443a10f1d57a0cf845325fe6b12 to remote] wire:87 - http-outgoing-0 << "{"value":null}"
2021-04-22 10:52:48,125 DEBUG [Forwarding get on session 6c63f443a10f1d57a0cf845325fe6b12 to remote] headers:122 - http-outgoing-0 << HTTP/1.1 200 OK
2021-04-22 10:52:48,125 DEBUG [Forwarding get on session 6c63f443a10f1d57a0cf845325fe6b12 to remote] headers:125 - http-outgoing-0 << Content-Length:14
2021-04-22 10:52:48,126 DEBUG [Forwarding get on session 6c63f443a10f1d57a0cf845325fe6b12 to remote] headers:125 - http-outgoing-0 << Content-Type:application/json; charset=utf-8
2021-04-22 10:52:48,126 DEBUG [Forwarding get on session 6c63f443a10f1d57a0cf845325fe6b12 to remote] headers:125 - http-outgoing-0 << cache-control:no-cache
2021-04-22 10:52:48,126 DEBUG [Forwarding get on session 6c63f443a10f1d57a0cf845325fe6b12 to remote] MainClientExec:285 - Connection can be kept alive indefinitely
2021-04-22 10:52:48,126 DEBUG [Forwarding get on session 6c63f443a10f1d57a0cf845325fe6b12 to remote] PoolingHttpClientConnectionManager:320 - Connection [id: 0][route: {}->http://localhost:34164] can be kept alive indefinitely
2021-04-22 10:52:48,126 DEBUG [Forwarding get on session 6c63f443a10f1d57a0cf845325fe6b12 to remote] PoolingHttpClientConnectionManager:326 - Connection released: [id: 0][route: {}->http://localhost:34164][total kept alive: 1; route allocated: 1 of 2000; total allocated: 1 of 2000]
2021-04-22 10:52:48,130 DEBUG [Forwarding getCurrentUrl on session 6c63f443a10f1d57a0cf845325fe6b12 to remote] RequestAddCookies:123 - CookieSpec selected: default
2021-04-22 10:52:48,130 DEBUG [Forwarding getCurrentUrl on session 6c63f443a10f1d57a0cf845325fe6b12 to remote] RequestAuthCache:77 - Auth cache not set in the context
2021-04-22 10:52:48,130 DEBUG [Forwarding getCurrentUrl on session 6c63f443a10f1d57a0cf845325fe6b12 to remote] PoolingHttpClientConnectionManager:255 - Connection request: [route: {}->http://localhost:34164][total kept alive: 1; route allocated: 1 of 2000; total allocated: 1 of 2000]
2021-04-22 10:52:48,131 DEBUG [Forwarding getCurrentUrl on session 6c63f443a10f1d57a0cf845325fe6b12 to remote] PoolingHttpClientConnectionManager:288 - Connection leased: [id: 0][route: {}->http://localhost:34164][total kept alive: 0; route allocated: 1 of 2000; total allocated: 1 of 2000]
2021-04-22 10:52:48,131 DEBUG [Forwarding getCurrentUrl on session 6c63f443a10f1d57a0cf845325fe6b12 to remote] MainClientExec:208 - Stale connection check
2021-04-22 10:52:48,132 DEBUG [Forwarding getCurrentUrl on session 6c63f443a10f1d57a0cf845325fe6b12 to remote] wire:87 - http-outgoing-0 << "[read] I/O error: Read timed out"
2021-04-22 10:52:48,132 DEBUG [Forwarding getCurrentUrl on session 6c63f443a10f1d57a0cf845325fe6b12 to remote] DefaultManagedHttpClientConnection:88 - http-outgoing-0: set socket timeout to 10800000
2021-04-22 10:52:48,132 DEBUG [Forwarding getCurrentUrl on session 6c63f443a10f1d57a0cf845325fe6b12 to remote] MainClientExec:256 - Executing request GET /session/6c63f443a10f1d57a0cf845325fe6b12/url HTTP/1.1
2021-04-22 10:52:48,132 DEBUG [Forwarding getCurrentUrl on session 6c63f443a10f1d57a0cf845325fe6b12 to remote] MainClientExec:261 - Target auth state: UNCHALLENGED
2021-04-22 10:52:48,132 DEBUG [Forwarding getCurrentUrl on session 6c63f443a10f1d57a0cf845325fe6b12 to remote] MainClientExec:267 - Proxy auth state: UNCHALLENGED
2021-04-22 10:52:48,133 DEBUG [Forwarding getCurrentUrl on session 6c63f443a10f1d57a0cf845325fe6b12 to remote] headers:133 - http-outgoing-0 >> GET /session/6c63f443a10f1d57a0cf845325fe6b12/url HTTP/1.1
2021-04-22 10:52:48,133 DEBUG [Forwarding getCurrentUrl on session 6c63f443a10f1d57a0cf845325fe6b12 to remote] headers:136 - http-outgoing-0 >> Cache-Control: no-cache
2021-04-22 10:52:48,133 DEBUG [Forwarding getCurrentUrl on session 6c63f443a10f1d57a0cf845325fe6b12 to remote] headers:136 - http-outgoing-0 >> Host: localhost:34164
2021-04-22 10:52:48,133 DEBUG [Forwarding getCurrentUrl on session 6c63f443a10f1d57a0cf845325fe6b12 to remote] headers:136 - http-outgoing-0 >> Connection: Keep-Alive
2021-04-22 10:52:48,133 DEBUG [Forwarding getCurrentUrl on session 6c63f443a10f1d57a0cf845325fe6b12 to remote] headers:136 - http-outgoing-0 >> User-Agent: Apache-HttpClient/4.5.3 (Java/13.0.1)
2021-04-22 10:52:48,133 DEBUG [Forwarding getCurrentUrl on session 6c63f443a10f1d57a0cf845325fe6b12 to remote] headers:136 - http-outgoing-0 >> Accept-Encoding: gzip,deflate
2021-04-22 10:52:48,133 DEBUG [Forwarding getCurrentUrl on session 6c63f443a10f1d57a0cf845325fe6b12 to remote] wire:73 - http-outgoing-0 >> "GET /session/6c63f443a10f1d57a0cf845325fe6b12/url HTTP/1.1[\r][\n]"
2021-04-22 10:52:48,133 DEBUG [Forwarding getCurrentUrl on session 6c63f443a10f1d57a0cf845325fe6b12 to remote] wire:73 - http-outgoing-0 >> "Cache-Control: no-cache[\r][\n]"
2021-04-22 10:52:48,133 DEBUG [Forwarding getCurrentUrl on session 6c63f443a10f1d57a0cf845325fe6b12 to remote] wire:73 - http-outgoing-0 >> "Host: localhost:34164[\r][\n]"
2021-04-22 10:52:48,134 DEBUG [Forwarding getCurrentUrl on session 6c63f443a10f1d57a0cf845325fe6b12 to remote] wire:73 - http-outgoing-0 >> "Connection: Keep-Alive[\r][\n]"
2021-04-22 10:52:48,134 DEBUG [Forwarding getCurrentUrl on session 6c63f443a10f1d57a0cf845325fe6b12 to remote] wire:73 - http-outgoing-0 >> "User-Agent: Apache-HttpClient/4.5.3 (Java/13.0.1)[\r][\n]"
2021-04-22 10:52:48,134 DEBUG [Forwarding getCurrentUrl on session 6c63f443a10f1d57a0cf845325fe6b12 to remote] wire:73 - http-outgoing-0 >> "Accept-Encoding: gzip,deflate[\r][\n]"
2021-04-22 10:52:48,134 DEBUG [Forwarding getCurrentUrl on session 6c63f443a10f1d57a0cf845325fe6b12 to remote] wire:73 - http-outgoing-0 >> "[\r][\n]"
2021-04-22 10:52:48,138 DEBUG [Forwarding getCurrentUrl on session 6c63f443a10f1d57a0cf845325fe6b12 to remote] wire:73 - http-outgoing-0 << "HTTP/1.1 200 OK[\r][\n]"
2021-04-22 10:52:48,138 DEBUG [Forwarding getCurrentUrl on session 6c63f443a10f1d57a0cf845325fe6b12 to remote] wire:73 - http-outgoing-0 << "Content-Length:35[\r][\n]"
2021-04-22 10:52:48,138 DEBUG [Forwarding getCurrentUrl on session 6c63f443a10f1d57a0cf845325fe6b12 to remote] wire:73 - http-outgoing-0 << "Content-Type:application/json; charset=utf-8[\r][\n]"
2021-04-22 10:52:48,138 DEBUG [Forwarding getCurrentUrl on session 6c63f443a10f1d57a0cf845325fe6b12 to remote] wire:73 - http-outgoing-0 << "cache-control:no-cache[\r][\n]"
2021-04-22 10:52:48,138 DEBUG [Forwarding getCurrentUrl on session 6c63f443a10f1d57a0cf845325fe6b12 to remote] wire:73 - http-outgoing-0 << "[\r][\n]"
2021-04-22 10:52:48,138 DEBUG [Forwarding getCurrentUrl on session 6c63f443a10f1d57a0cf845325fe6b12 to remote] wire:87 - http-outgoing-0 << "{"value":"https://www.google.com/"}"
2021-04-22 10:52:48,138 DEBUG [Forwarding getCurrentUrl on session 6c63f443a10f1d57a0cf845325fe6b12 to remote] headers:122 - http-outgoing-0 << HTTP/1.1 200 OK
2021-04-22 10:52:48,138 DEBUG [Forwarding getCurrentUrl on session 6c63f443a10f1d57a0cf845325fe6b12 to remote] headers:125 - http-outgoing-0 << Content-Length:35
2021-04-22 10:52:48,139 DEBUG [Forwarding getCurrentUrl on session 6c63f443a10f1d57a0cf845325fe6b12 to remote] headers:125 - http-outgoing-0 << Content-Type:application/json; charset=utf-8
2021-04-22 10:52:48,139 DEBUG [Forwarding getCurrentUrl on session 6c63f443a10f1d57a0cf845325fe6b12 to remote] headers:125 - http-outgoing-0 << cache-control:no-cache
2021-04-22 10:52:48,139 DEBUG [Forwarding getCurrentUrl on session 6c63f443a10f1d57a0cf845325fe6b12 to remote] MainClientExec:285 - Connection can be kept alive indefinitely
2021-04-22 10:52:48,139 DEBUG [Forwarding getCurrentUrl on session 6c63f443a10f1d57a0cf845325fe6b12 to remote] PoolingHttpClientConnectionManager:320 - Connection [id: 0][route: {}->http://localhost:34164] can be kept alive indefinitely
2021-04-22 10:52:48,139 DEBUG [Forwarding getCurrentUrl on session 6c63f443a10f1d57a0cf845325fe6b12 to remote] PoolingHttpClientConnectionManager:326 - Connection released: [id: 0][route: {}->http://localhost:34164][total kept alive: 1; route allocated: 1 of 2000; total allocated: 1 of 2000]
